#
# There is insufficient memory for the Java Runtime Environment to continue.
# Native memory allocation (mmap) failed to map 255852544 bytes for G1 virtual space
# Possible reasons:
#   The system is out of physical RAM or swap space
#   The process is running with CompressedOops enabled, and the Java Heap may be blocking the growth of the native heap
# Possible solutions:
#   Reduce memory load on the system
#   Increase physical memory or swap space
#   Check if swap backing store is full
#   Decrease Java heap size (-Xmx/-Xms)
#   Decrease number of Java threads
#   Decrease Java thread stack sizes (-Xss)
#   Set larger code cache with -XX:ReservedCodeCacheSize=
#   JVM is running with Zero Based Compressed Oops mode in which the Java heap is
#     placed in the first 32GB address space. The Java Heap base address is the
#     maximum limit for the native heap growth. Please use -XX:HeapBaseMinAddress
#     to set the Java Heap base and to place the Java Heap above 32GB virtual address.
# This output file may be truncated or incomplete.
#
#  Out of Memory Error (os_windows.cpp:3528), pid=51564, tid=51740
#
# JRE version:  (20.0.2+9) (build )
# Java VM: OpenJDK 64-Bit Server VM (20.0.2+9-78, mixed mode, sharing, tiered, compressed oops, compressed class ptrs, g1 gc, windows-amd64)
# No core dump will be written. Minidumps are not enabled by default on client versions of Windows
#

---------------  S U M M A R Y ------------

Command Line: -Dclassworlds.conf=D:\CS\apache-maven-3.9.4-bin\apache-maven-3.9.4\bin\m2.conf -Dmaven.home=D:\CS\apache-maven-3.9.4-bin\apache-maven-3.9.4 -Dlibrary.jansi.path=D:\CS\apache-maven-3.9.4-bin\apache-maven-3.9.4\lib\jansi-native -Dmaven.multiModuleProjectDirectory=D:\TAMU\Fall 23\606 - SE\Project\Social-Network-tomcatapp\Social-Network-tomcatapp org.codehaus.plexus.classworlds.launcher.Launcher clean install

Host: AMD Ryzen 7 7735HS with Radeon Graphics        , 16 cores, 15G,  Windows 11 , 64 bit Build 22621 (10.0.22621.2428)
Time: Sat Oct 21 14:41:37 2023 Central Daylight Time elapsed time: 0.051013 seconds (0d 0h 0m 0s)

---------------  T H R E A D  ---------------

Current thread (0x0000027eb20bb5f0):  JavaThread "Unknown thread" [_thread_in_vm, id=51740, stack(0x0000009ab9800000,0x0000009ab9900000)]

Stack: [0x0000009ab9800000,0x0000009ab9900000]
Native frames: (J=compiled Java code, j=interpreted, Vv=VM code, C=native code)
V  [jvm.dll+0x6bc25a]
V  [jvm.dll+0x84971a]
V  [jvm.dll+0x84b315]
V  [jvm.dll+0x84ba13]
V  [jvm.dll+0x280e4f]
V  [jvm.dll+0x6b8fe9]
V  [jvm.dll+0x6adbca]
V  [jvm.dll+0x35b165]
V  [jvm.dll+0x363386]
V  [jvm.dll+0x3b400e]
V  [jvm.dll+0x3b4295]
V  [jvm.dll+0x32b86a]
V  [jvm.dll+0x32c68b]
V  [jvm.dll+0x8123df]
V  [jvm.dll+0x3c1261]
V  [jvm.dll+0x7fe103]
V  [jvm.dll+0x44ccaf]
V  [jvm.dll+0x44e621]
C  [jli.dll+0x5287]
C  [ucrtbase.dll+0x29363]
C  [KERNEL32.DLL+0x1257d]
C  [ntdll.dll+0x5aa78]


---------------  P R O C E S S  ---------------

Threads class SMR info:
_java_thread_list=0x00007ffb2f02b118, length=0, elements={
}

Java Threads: ( => current thread )

Other Threads:
  0x0000027eb21282d0 WorkerThread "GC Thread#0" [stack: 0x0000009ab9900000,0x0000009ab9a00000] [id=55852]
  0x0000027eb21385e0 ConcurrentGCThread "G1 Main Marker" [stack: 0x0000009ab9a00000,0x0000009ab9b00000] [id=51572]
  0x0000027eb213b0c0 WorkerThread "G1 Conc#0" [stack: 0x0000009ab9b00000,0x0000009ab9c00000] [id=23996]

[error occurred during error reporting (printing all threads), id 0xc0000005, EXCEPTION_ACCESS_VIOLATION (0xc0000005) at pc=0x00007ffb2e80eea7]
VM state: not at safepoint (not fully initialized)

VM Mutex/Monitor currently owned by a thread:  ([mutex/lock_event])
[0x0000027eb20b9b60] Heap_lock - owner thread: 0x0000027eb20bb5f0

Heap address: 0x000000070c000000, size: 3904 MB, Compressed Oops mode: Zero based, Oop shift amount: 3

CDS archive(s) mapped at: [0x0000000000000000-0x0000000000000000-0x0000000000000000), size 0, SharedBaseAddress: 0x0000000800000000, ArchiveRelocationMode: 1.
Narrow klass base: 0x0000000000000000, Narrow klass shift: 0, Narrow klass range: 0x0

GC Precious Log:
 CardTable entry size: 512
 Card Set container configuration: InlinePtr #cards 4 size 8 Array Of Cards #cards 16 size 48 Howl #buckets 8 coarsen threshold 3686 Howl Bitmap #cards 512 size 80 coarsen threshold 460 Card regions per heap region 1 cards per card region 4096

Heap:
 garbage-first heap   total 0K, used 0K [0x000000070c000000, 0x0000000800000000)
  region size 2048K, 0 young (0K), 0 survivors (0K)

[error occurred during error reporting (printing heap information), id 0xc0000005, EXCEPTION_ACCESS_VIOLATION (0xc0000005) at pc=0x00007ffb2ebe47b9]
GC Heap History (0 events):
No events

Dll operation events (1 events):
Event: 0.047 Loaded shared library D:\CS\openjdk-20.0.2_windows-x64_bin\jdk-20.0.2\bin\java.dll

Deoptimization events (0 events):
No events

Classes loaded (0 events):
No events

Classes unloaded (0 events):
No events

Classes redefined (0 events):
No events

Internal exceptions (0 events):
No events

VM Operations (0 events):
No events

Events (0 events):
No events


Dynamic libraries:
0x00007ff72ce90000 - 0x00007ff72ce9e000 	D:\CS\openjdk-20.0.2_windows-x64_bin\jdk-20.0.2\bin\java.exe
0x00007ffba2f10000 - 0x00007ffba3127000 	C:\Windows\SYSTEM32\ntdll.dll
0x00007ffba1b00000 - 0x00007ffba1bc4000 	C:\Windows\System32\KERNEL32.DLL
0x00007ffba0290000 - 0x00007ffba0636000 	C:\Windows\System32\KERNELBASE.dll
0x00007ffba0b50000 - 0x00007ffba0c61000 	C:\Windows\System32\ucrtbase.dll
0x00007ffb62860000 - 0x00007ffb6287b000 	D:\CS\openjdk-20.0.2_windows-x64_bin\jdk-20.0.2\bin\VCRUNTIME140.dll
0x00007ffb61e70000 - 0x00007ffb61e87000 	D:\CS\openjdk-20.0.2_windows-x64_bin\jdk-20.0.2\bin\jli.dll
0x00007ffba2910000 - 0x00007ffba2abd000 	C:\Windows\System32\USER32.dll
0x00007ffb871d0000 - 0x00007ffb87463000 	C:\Windows\WinSxS\amd64_microsoft.windows.common-controls_6595b64144ccf1df_6.0.22621.2361_none_2712ced57382f843\COMCTL32.dll
0x00007ffba0970000 - 0x00007ffba0996000 	C:\Windows\System32\win32u.dll
0x00007ffba27d0000 - 0x00007ffba2877000 	C:\Windows\System32\msvcrt.dll
0x00007ffba2680000 - 0x00007ffba26a9000 	C:\Windows\System32\GDI32.dll
0x00007ffba0640000 - 0x00007ffba0758000 	C:\Windows\System32\gdi32full.dll
0x00007ffba08d0000 - 0x00007ffba096a000 	C:\Windows\System32\msvcp_win.dll
0x00007ffba19a0000 - 0x00007ffba19d1000 	C:\Windows\System32\IMM32.DLL
0x00007ffb741b0000 - 0x00007ffb741bc000 	D:\CS\openjdk-20.0.2_windows-x64_bin\jdk-20.0.2\bin\vcruntime140_1.dll
0x00007ffb5e650000 - 0x00007ffb5e6de000 	D:\CS\openjdk-20.0.2_windows-x64_bin\jdk-20.0.2\bin\msvcp140.dll
0x00007ffb2e4d0000 - 0x00007ffb2f168000 	D:\CS\openjdk-20.0.2_windows-x64_bin\jdk-20.0.2\bin\server\jvm.dll
0x00007ffba18f0000 - 0x00007ffba19a0000 	C:\Windows\System32\ADVAPI32.dll
0x00007ffba2e20000 - 0x00007ffba2ec6000 	C:\Windows\System32\sechost.dll
0x00007ffba26b0000 - 0x00007ffba27c7000 	C:\Windows\System32\RPCRT4.dll
0x00007ffb91c20000 - 0x00007ffb91c29000 	C:\Windows\SYSTEM32\WSOCK32.dll
0x00007ffb97280000 - 0x00007ffb972b4000 	C:\Windows\SYSTEM32\WINMM.dll
0x00007ffb97070000 - 0x00007ffb9707a000 	C:\Windows\SYSTEM32\VERSION.dll
0x00007ffba1870000 - 0x00007ffba18e1000 	C:\Windows\System32\WS2_32.dll
0x00007ffb9f310000 - 0x00007ffb9f328000 	C:\Windows\SYSTEM32\kernel.appcore.dll
0x00007ffb72e00000 - 0x00007ffb72e0a000 	D:\CS\openjdk-20.0.2_windows-x64_bin\jdk-20.0.2\bin\jimage.dll
0x00007ffb9dbf0000 - 0x00007ffb9de1e000 	C:\Windows\SYSTEM32\DBGHELP.DLL
0x00007ffba0c70000 - 0x00007ffba0ffa000 	C:\Windows\System32\combase.dll
0x00007ffba2d40000 - 0x00007ffba2e17000 	C:\Windows\System32\OLEAUT32.dll
0x00007ffb92590000 - 0x00007ffb925c2000 	C:\Windows\SYSTEM32\dbgcore.DLL
0x00007ffba0ad0000 - 0x00007ffba0b4a000 	C:\Windows\System32\bcryptPrimitives.dll
0x00007ffb5eab0000 - 0x00007ffb5ead6000 	D:\CS\openjdk-20.0.2_windows-x64_bin\jdk-20.0.2\bin\java.dll

dbghelp: loaded successfully - version: 4.0.5 - missing functions: none
symbol engine: initialized successfully - sym options: 0x614 - pdb path: .;D:\CS\openjdk-20.0.2_windows-x64_bin\jdk-20.0.2\bin;C:\Windows\SYSTEM32;C:\Windows\WinSxS\amd64_microsoft.windows.common-controls_6595b64144ccf1df_6.0.22621.2361_none_2712ced57382f843;D:\CS\openjdk-20.0.2_windows-x64_bin\jdk-20.0.2\bin\server

VM Arguments:
jvm_args: -Dclassworlds.conf=D:\CS\apache-maven-3.9.4-bin\apache-maven-3.9.4\bin\m2.conf -Dmaven.home=D:\CS\apache-maven-3.9.4-bin\apache-maven-3.9.4 -Dlibrary.jansi.path=D:\CS\apache-maven-3.9.4-bin\apache-maven-3.9.4\lib\jansi-native -Dmaven.multiModuleProjectDirectory=D:\TAMU\Fall 23\606 - SE\Project\Social-Network-tomcatapp\Social-Network-tomcatapp 
java_command: org.codehaus.plexus.classworlds.launcher.Launcher clean install
java_class_path (initial): D:\CS\apache-maven-3.9.4-bin\apache-maven-3.9.4\boot\plexus-classworlds-2.7.0.jar
Launcher Type: SUN_STANDARD

[Global flags]
     intx CICompilerCount                          = 12                                        {product} {ergonomic}
     uint ConcGCThreads                            = 3                                         {product} {ergonomic}
     uint G1ConcRefinementThreads                  = 13                                        {product} {ergonomic}
   size_t G1HeapRegionSize                         = 2097152                                   {product} {ergonomic}
    uintx GCDrainStackTargetSize                   = 64                                        {product} {ergonomic}
   size_t InitialHeapSize                          = 255852544                                 {product} {ergonomic}
   size_t MarkStackSize                            = 4194304                                   {product} {ergonomic}
   size_t MaxHeapSize                              = 4093640704                                {product} {ergonomic}
   size_t MinHeapDeltaBytes                        = 2097152                                   {product} {ergonomic}
   size_t MinHeapSize                              = 8388608                                   {product} {ergonomic}
    uintx NonNMethodCodeHeapSize                   = 7602480                                {pd product} {ergonomic}
    uintx NonProfiledCodeHeapSize                  = 122027880                              {pd product} {ergonomic}
    uintx ProfiledCodeHeapSize                     = 122027880                              {pd product} {ergonomic}
    uintx ReservedCodeCacheSize                    = 251658240                              {pd product} {ergonomic}
     bool SegmentedCodeCache                       = true                                      {product} {ergonomic}
   size_t SoftMaxHeapSize                          = 4093640704                             {manageable} {ergonomic}
     bool UseCompressedClassPointers               = true                           {product lp64_product} {ergonomic}
     bool UseCompressedOops                        = true                           {product lp64_product} {ergonomic}
     bool UseG1GC                                  = true                                      {product} {ergonomic}
     bool UseLargePagesIndividualAllocation        = false                                  {pd product} {ergonomic}

Logging:
Log output configuration:
 #0: stdout all=warning uptime,level,tags foldmultilines=false
 #1: stderr all=off uptime,level,tags foldmultilines=false

Environment Variables:
JAVA_HOME=D:\CS\openjdk-20.0.2_windows-x64_bin\jdk-20.0.2
PATH=C:\Program Files (x86)\Common Files\Oracle\Java\javapath;C:\Windows\system32;C:\Windows;C:\Windows\System32\Wbem;C:\Windows\System32\WindowsPowerShell\v1.0\;C:\Windows\System32\OpenSSH\;C:\Program Files\dotnet\;C:\Users\paran\Downloads\swigwin-4.1.1;C:\Program Files\Git\cmd;C:\Program Files\Docker\Docker\resources\bin;D:\CS\Python\Scripts\;D:\CS\Python\;C:\Users\paran\AppData\Local\Microsoft\WindowsApps;C:\Users\paran\.dotnet\tools;D:\CS\sqlite;D:\CS\VS Code\Microsoft VS Code\bin;C:\Users\paran\AppData\Local\GitHubDesktop\bin;D:\CS\openjdk-20.0.2_windows-x64_bin\jdk-20.0.2\bin;D:\CS\apache-maven-3.9.4-bin\apache-maven-3.9.4\bin;D:\CS\apache-maven-3.9.4-bin\apache-maven-3.9.4;C:\Program Files\Docker\Docker\resources\bin;
USERNAME=paran
LANG=en_US.UTF-8
OS=Windows_NT
PROCESSOR_IDENTIFIER=AMD64 Family 25 Model 68 Stepping 1, AuthenticAMD
TMP=C:\Users\paran\AppData\Local\Temp
TEMP=C:\Users\paran\AppData\Local\Temp




---------------  S Y S T E M  ---------------

OS:
 Windows 11 , 64 bit Build 22621 (10.0.22621.2428)
OS uptime: 0 days 0:47 hours
Hyper-V role detected

CPU: total 16 (initial active 16) (16 cores per cpu, 2 threads per core) family 25 model 68 stepping 1 microcode 0x0, cx8, cmov, fxsr, ht, mmx, 3dnowpref, sse, sse2, sse3, ssse3, sse4a, sse4.1, sse4.2, popcnt, lzcnt, tsc, tscinvbit, avx, avx2, aes, erms, clmul, bmi1, bmi2, adx, sha, fma, vzeroupper, clflush, clflushopt, hv, rdtscp, rdpid, fsrm, f16c, cet_ss

Memory: 4k page, system-wide physical 15608M (4133M free)
TotalPageFile size 15608M (AvailPageFile size 152M)
current process WorkingSet (physical memory assigned to process): 11M, peak: 11M
current process commit charge ("private bytes"): 70M, peak: 314M

vm_info: OpenJDK 64-Bit Server VM (20.0.2+9-78) for windows-amd64 JRE (20.0.2+9-78), built on 2023-06-14T10:08:48Z by "mach5one" with MS VC++ 17.1 (VS2022)

END.
